#! /c/Source/iverilog-install/bin/vvp
:ivl_version "12.0 (devel)" "(s20150603-1539-g2693dd32b)";
:ivl_delay_selection "TYPICAL";
:vpi_time_precision - 12;
:vpi_module "C:\iverilog\lib\ivl\system.vpi";
:vpi_module "C:\iverilog\lib\ivl\vhdl_sys.vpi";
:vpi_module "C:\iverilog\lib\ivl\vhdl_textio.vpi";
:vpi_module "C:\iverilog\lib\ivl\v2005_math.vpi";
:vpi_module "C:\iverilog\lib\ivl\va_math.vpi";
:vpi_module "C:\iverilog\lib\ivl\v2009.vpi";
S_0000022033aaea60 .scope package, "$unit" "$unit" 2 1;
 .timescale 0 0;
S_0000022033a77550 .scope module, "tb_UART" "tb_UART" 3 3;
 .timescale -9 -12;
P_0000022033ab32f0 .param/l "DBIT" 1 3 5, +C4<00000000000000000000000000001000>;
P_0000022033ab3328 .param/l "FIFO_W" 1 3 7, +C4<00000000000000000000000000000010>;
P_0000022033ab3360 .param/l "NUM_TEST_BYTES" 1 3 21, +C4<00000000000000000000000000000100>;
P_0000022033ab3398 .param/l "SB_TICK" 1 3 6, +C4<00000000000000000000000000010000>;
L_0000022033aaf650 .functor BUFZ 1, v0000022033bc0b50_0, C4<0>, C4<0>, C4<0>;
v0000022033bc1410_0 .var "clk", 0 0;
v0000022033bc0ab0_0 .var "dvsr", 10 0;
v0000022033bc1f50_0 .net "r_data", 7 0, L_0000022033aaefc0;  1 drivers
v0000022033bc14b0_0 .var "rd_uart", 0 0;
v0000022033bc17d0_0 .var "recv_byte", 7 0;
v0000022033bc1870_0 .var "rst_n", 0 0;
v0000022033bc1910_0 .net "rx", 0 0, L_0000022033aaf650;  1 drivers
v0000022033bc0470_0 .net "rx_empty", 0 0, L_0000022033aafd50;  1 drivers
v0000022033bc19b0 .array "test_vec", 3 0, 7 0;
v0000022033bc0970_0 .var/2s "timeout_cnt", 31 0;
v0000022033bc1a50_0 .net "tx", 0 0, v0000022033bc0b50_0;  1 drivers
v0000022033bc1ff0_0 .net "tx_full", 0 0, L_0000022033aaf0a0;  1 drivers
v0000022033bc01f0_0 .var/2s "tx_idx", 31 0;
v0000022033bc0290_0 .var "w_data", 7 0;
v0000022033bc0330_0 .var "wr_uart", 0 0;
S_0000022033a776e0 .scope module, "dut" "UART" 3 32, 4 1 0, S_0000022033a77550;
 .timescale -9 -12;
    .port_info 0 /INPUT 1 "clk";
    .port_info 1 /INPUT 1 "rst_n";
    .port_info 2 /INPUT 1 "rd_uart";
    .port_info 3 /INPUT 1 "wr_uart";
    .port_info 4 /INPUT 1 "rx";
    .port_info 5 /INPUT 8 "w_data";
    .port_info 6 /INPUT 11 "dvsr";
    .port_info 7 /OUTPUT 1 "tx_full";
    .port_info 8 /OUTPUT 1 "rx_empty";
    .port_info 9 /OUTPUT 1 "tx";
    .port_info 10 /OUTPUT 8 "r_data";
P_0000022033a77870 .param/l "DBIT" 0 4 2, +C4<00000000000000000000000000001000>;
P_0000022033a778a8 .param/l "FIFO_W" 0 4 4, +C4<00000000000000000000000000000010>;
P_0000022033a778e0 .param/l "SB_TICK" 0 4 3, +C4<00000000000000000000000000010000>;
v0000022033bc1b90_0 .net "clk", 0 0, v0000022033bc1410_0;  1 drivers
v0000022033bc1690_0 .net "dvsr", 10 0, v0000022033bc0ab0_0;  1 drivers
v0000022033bc1370_0 .net "r_data", 7 0, L_0000022033aaefc0;  alias, 1 drivers
v0000022033bc0a10_0 .net "rd_uart", 0 0, v0000022033bc14b0_0;  1 drivers
v0000022033bc1c30_0 .net "rst_n", 0 0, v0000022033bc1870_0;  1 drivers
v0000022033bc1e10_0 .net "rx", 0 0, L_0000022033aaf650;  alias, 1 drivers
v0000022033bc1730_0 .net "rx_data_out", 7 0, L_0000022033aaef50;  1 drivers
v0000022033bc1190_0 .net "rx_done_tick", 0 0, v0000022033bbda30_0;  1 drivers
v0000022033bc0c90_0 .net "rx_empty", 0 0, L_0000022033aafd50;  alias, 1 drivers
v0000022033bc1af0_0 .net "tick", 0 0, L_0000022033c1c020;  1 drivers
v0000022033bc0dd0_0 .net "tx", 0 0, v0000022033bc0b50_0;  alias, 1 drivers
v0000022033bc1cd0_0 .net "tx_done_tick", 0 0, v0000022033bc0bf0_0;  1 drivers
v0000022033bc0fb0_0 .net "tx_empty", 0 0, v0000022033b0d970_0;  1 drivers
v0000022033bc03d0_0 .net "tx_fifo_not_empty", 0 0, L_0000022033c1b3a0;  1 drivers
v0000022033bc1230_0 .net "tx_fifo_out", 7 0, L_0000022033aaf490;  1 drivers
v0000022033bc1d70_0 .net "tx_full", 0 0, L_0000022033aaf0a0;  alias, 1 drivers
v0000022033bc08d0_0 .net "w_data", 7 0, v0000022033bc0290_0;  1 drivers
v0000022033bc0830_0 .net "wr_uart", 0 0, v0000022033bc0330_0;  1 drivers
L_0000022033c1b3a0 .reduce/nor v0000022033b0d970_0;
S_0000022033a929b0 .scope module, "baud_gen_unit" "baud_gen" 4 23, 5 1 0, S_0000022033a776e0;
 .timescale -9 -12;
    .port_info 0 /INPUT 1 "clk";
    .port_info 1 /INPUT 1 "rst_n";
    .port_info 2 /INPUT 11 "dvsr";
    .port_info 3 /OUTPUT 1 "tick";
v0000022033ab7560_0 .net *"_ivl_0", 0 0, L_0000022033bc0510;  1 drivers
v0000022033ab74c0_0 .net *"_ivl_10", 31 0, L_0000022033bc0790;  1 drivers
L_0000022033bc21a8 .functor BUFT 1, C4<000000000000000000000>, C4<0>, C4<0>, C4<0>;
v0000022033ab6840_0 .net *"_ivl_13", 20 0, L_0000022033bc21a8;  1 drivers
L_0000022033bc21f0 .functor BUFT 1, C4<00000000000000000000000000000001>, C4<0>, C4<0>, C4<0>;
v0000022033ab6b60_0 .net/2u *"_ivl_14", 31 0, L_0000022033bc21f0;  1 drivers
L_0000022033bc2118 .functor BUFT 1, C4<00000000000>, C4<0>, C4<0>, C4<0>;
v0000022033ab71a0_0 .net/2u *"_ivl_2", 10 0, L_0000022033bc2118;  1 drivers
L_0000022033bc2160 .functor BUFT 1, C4<00000000001>, C4<0>, C4<0>, C4<0>;
v0000022033ab6d40_0 .net/2u *"_ivl_4", 10 0, L_0000022033bc2160;  1 drivers
v0000022033ab6ac0_0 .net *"_ivl_6", 10 0, L_0000022033bc05b0;  1 drivers
v0000022033ab6de0_0 .net "clk", 0 0, v0000022033bc1410_0;  alias, 1 drivers
v0000022033ab7600_0 .net "dvsr", 10 0, v0000022033bc0ab0_0;  alias, 1 drivers
v0000022033ab76a0_0 .net "r_next", 10 0, L_0000022033bc0650;  1 drivers
v0000022033ab6ca0_0 .var "r_reg", 10 0;
v0000022033ab6e80_0 .net "rst_n", 0 0, v0000022033bc1870_0;  alias, 1 drivers
v0000022033ab6f20_0 .net "tick", 0 0, L_0000022033c1c020;  alias, 1 drivers
E_0000022033abdfa0/0 .event negedge, v0000022033ab6e80_0;
E_0000022033abdfa0/1 .event posedge, v0000022033ab6de0_0;
E_0000022033abdfa0 .event/or E_0000022033abdfa0/0, E_0000022033abdfa0/1;
L_0000022033bc0510 .cmp/eq 11, v0000022033ab6ca0_0, v0000022033bc0ab0_0;
L_0000022033bc05b0 .arith/sum 11, v0000022033ab6ca0_0, L_0000022033bc2160;
L_0000022033bc0650 .functor MUXZ 11, L_0000022033bc05b0, L_0000022033bc2118, L_0000022033bc0510, C4<>;
L_0000022033bc0790 .concat [ 11 21 0 0], v0000022033ab6ca0_0, L_0000022033bc21a8;
L_0000022033c1c020 .cmp/eq 32, L_0000022033bc0790, L_0000022033bc21f0;
S_0000022033a92b40 .scope module, "fifo_rx_unit" "FIFO" 4 29, 6 1 0, S_0000022033a776e0;
 .timescale -9 -12;
    .port_info 0 /INPUT 1 "clk";
    .port_info 1 /INPUT 1 "rst_n";
    .port_info 2 /INPUT 1 "wr";
    .port_info 3 /INPUT 1 "rd";
    .port_info 4 /INPUT 8 "w_data";
    .port_info 5 /OUTPUT 8 "r_data";
    .port_info 6 /OUTPUT 1 "full";
    .port_info 7 /OUTPUT 1 "empty";
P_0000022033a95ee0 .param/l "ADDR_WIDTH" 0 6 3, +C4<00000000000000000000000000000010>;
P_0000022033a95f18 .param/l "DATA_WIDTH" 0 6 2, +C4<00000000000000000000000000001000>;
L_0000022033aafb90 .functor AND 1, v0000022033bbda30_0, L_0000022033c1a220, C4<1>, C4<1>;
L_0000022033aafce0 .functor BUFZ 1, v0000022033b0d330_0, C4<0>, C4<0>, C4<0>;
v0000022033b0ccf0_0 .net *"_ivl_1", 0 0, L_0000022033c1a220;  1 drivers
v0000022033b0ced0_0 .net "clk", 0 0, v0000022033bc1410_0;  alias, 1 drivers
v0000022033b0d470_0 .net "empty", 0 0, L_0000022033aafd50;  alias, 1 drivers
v0000022033b0cd90_0 .net "full", 0 0, L_0000022033aafce0;  1 drivers
v0000022033b0d510_0 .net "full_tmp", 0 0, v0000022033b0d330_0;  1 drivers
v0000022033b0bfd0_0 .net "r_addr", 1 0, v0000022033b0c570_0;  1 drivers
v0000022033b0bc10_0 .net "r_data", 7 0, L_0000022033aaefc0;  alias, 1 drivers
v0000022033b0ce30_0 .net "rd", 0 0, v0000022033bc14b0_0;  alias, 1 drivers
v0000022033b0cf70_0 .net "rst_n", 0 0, v0000022033bc1870_0;  alias, 1 drivers
v0000022033b0d010_0 .net "w_addr", 1 0, L_0000022033aaf420;  1 drivers
v0000022033b0c250_0 .net "w_data", 7 0, L_0000022033aaef50;  alias, 1 drivers
v0000022033b0c430_0 .net "wr", 0 0, v0000022033bbda30_0;  alias, 1 drivers
v0000022033b0d790_0 .net "wr_en", 0 0, L_0000022033aafb90;  1 drivers
L_0000022033c1a220 .reduce/nor v0000022033b0d330_0;
S_0000022033a67bd0 .scope module, "ctl_unit" "FIFO_control" 6 21, 7 1 0, S_0000022033a92b40;
 .timescale -9 -12;
    .port_info 0 /INPUT 1 "clk";
    .port_info 1 /INPUT 1 "rst_n";
    .port_info 2 /INPUT 1 "rd";
    .port_info 3 /INPUT 1 "wr";
    .port_info 4 /OUTPUT 1 "empty";
    .port_info 5 /OUTPUT 1 "full";
    .port_info 6 /OUTPUT 2 "w_addr";
    .port_info 7 /OUTPUT 2 "r_addr";
P_0000022033abe420 .param/l "ADDR_WIDTH" 0 7 2, +C4<00000000000000000000000000000010>;
L_0000022033aaf420 .functor BUFZ 2, v0000022033b0d6f0_0, C4<00>, C4<00>, C4<00>;
L_0000022033aafd50 .functor BUFZ 1, v0000022033b0c070_0, C4<0>, C4<0>, C4<0>;
v0000022033ab7060_0 .net "clk", 0 0, v0000022033bc1410_0;  alias, 1 drivers
v0000022033ab7380_0 .net "empty", 0 0, L_0000022033aafd50;  alias, 1 drivers
v0000022033b0c070_0 .var "empty_logic", 0 0;
v0000022033b0c9d0_0 .var "empty_next", 0 0;
v0000022033b0d5b0_0 .net "full", 0 0, v0000022033b0d330_0;  alias, 1 drivers
v0000022033b0d330_0 .var "full_logic", 0 0;
v0000022033b0ca70_0 .var "full_next", 0 0;
v0000022033b0bd50_0 .net "r_addr", 1 0, v0000022033b0c570_0;  alias, 1 drivers
v0000022033b0c570_0 .var "r_ptr_logic", 1 0;
v0000022033b0c750_0 .var "r_ptr_next", 1 0;
v0000022033b0bf30_0 .var "r_ptr_succ", 1 0;
v0000022033b0c890_0 .net "rd", 0 0, v0000022033bc14b0_0;  alias, 1 drivers
v0000022033b0d150_0 .net "rst_n", 0 0, v0000022033bc1870_0;  alias, 1 drivers
v0000022033b0c7f0_0 .net "w_addr", 1 0, L_0000022033aaf420;  alias, 1 drivers
v0000022033b0d6f0_0 .var "w_ptr_logic", 1 0;
v0000022033b0bcb0_0 .var "w_ptr_next", 1 0;
v0000022033b0cbb0_0 .var "w_ptr_succ", 1 0;
v0000022033b0c930_0 .net "wr", 0 0, v0000022033bbda30_0;  alias, 1 drivers
E_0000022033abea60/0 .event anyedge, v0000022033b0d6f0_0, v0000022033b0c570_0, v0000022033b0d330_0, v0000022033b0c070_0;
E_0000022033abea60/1 .event anyedge, v0000022033b0c930_0, v0000022033b0c890_0;
E_0000022033abea60 .event/or E_0000022033abea60/0, E_0000022033abea60/1;
S_0000022033a67e70 .scope module, "fifo_unit" "reg_file" 6 23, 8 1 0, S_0000022033a92b40;
 .timescale -9 -12;
    .port_info 0 /INPUT 1 "clk";
    .port_info 1 /INPUT 1 "wr_en";
    .port_info 2 /INPUT 2 "w_addr";
    .port_info 3 /INPUT 2 "r_addr";
    .port_info 4 /INPUT 8 "w_data";
    .port_info 5 /OUTPUT 8 "r_data";
P_0000022033a96260 .param/l "ADDR_WIDTH" 0 8 3, +C4<00000000000000000000000000000010>;
P_0000022033a96298 .param/l "DATA_WIDTH" 0 8 2, +C4<00000000000000000000000000001000>;
L_0000022033aaefc0 .functor BUFZ 8, L_0000022033c1aa40, C4<00000000>, C4<00000000>, C4<00000000>;
v0000022033b0d830_0 .net *"_ivl_0", 7 0, L_0000022033c1aa40;  1 drivers
v0000022033b0c110_0 .net *"_ivl_2", 3 0, L_0000022033c1a5e0;  1 drivers
L_0000022033bc2238 .functor BUFT 1, C4<00>, C4<0>, C4<0>, C4<0>;
v0000022033b0bdf0_0 .net *"_ivl_5", 1 0, L_0000022033bc2238;  1 drivers
v0000022033b0d650 .array "array_reg", 3 0, 7 0;
v0000022033b0cb10_0 .net "clk", 0 0, v0000022033bc1410_0;  alias, 1 drivers
v0000022033b0cc50_0 .net "r_addr", 1 0, v0000022033b0c570_0;  alias, 1 drivers
v0000022033b0be90_0 .net "r_data", 7 0, L_0000022033aaefc0;  alias, 1 drivers
v0000022033b0d290_0 .net "w_addr", 1 0, L_0000022033aaf420;  alias, 1 drivers
v0000022033b0d3d0_0 .net "w_data", 7 0, L_0000022033aaef50;  alias, 1 drivers
v0000022033b0da10_0 .net "wr_en", 0 0, L_0000022033aafb90;  alias, 1 drivers
E_0000022033abe160 .event posedge, v0000022033ab6de0_0;
L_0000022033c1aa40 .array/port v0000022033b0d650, L_0000022033c1a5e0;
L_0000022033c1a5e0 .concat [ 2 2 0 0], v0000022033b0c570_0, L_0000022033bc2238;
S_0000022033a5efd0 .scope module, "fifo_tx_unit" "FIFO" 4 31, 6 1 0, S_0000022033a776e0;
 .timescale -9 -12;
    .port_info 0 /INPUT 1 "clk";
    .port_info 1 /INPUT 1 "rst_n";
    .port_info 2 /INPUT 1 "wr";
    .port_info 3 /INPUT 1 "rd";
    .port_info 4 /INPUT 8 "w_data";
    .port_info 5 /OUTPUT 8 "r_data";
    .port_info 6 /OUTPUT 1 "full";
    .port_info 7 /OUTPUT 1 "empty";
P_0000022033a964e0 .param/l "ADDR_WIDTH" 0 6 3, +C4<00000000000000000000000000000010>;
P_0000022033a96518 .param/l "DATA_WIDTH" 0 6 2, +C4<00000000000000000000000000001000>;
L_0000022033aaeee0 .functor AND 1, v0000022033bc0330_0, L_0000022033c1a680, C4<1>, C4<1>;
L_0000022033aaf0a0 .functor BUFZ 1, v0000022033b0d0b0_0, C4<0>, C4<0>, C4<0>;
v0000022033bbd030_0 .net *"_ivl_1", 0 0, L_0000022033c1a680;  1 drivers
v0000022033bbc130_0 .net "clk", 0 0, v0000022033bc1410_0;  alias, 1 drivers
v0000022033bbc9f0_0 .net "empty", 0 0, v0000022033b0d970_0;  alias, 1 drivers
v0000022033bbd2b0_0 .net "full", 0 0, L_0000022033aaf0a0;  alias, 1 drivers
v0000022033bbdcb0_0 .net "full_tmp", 0 0, v0000022033b0d0b0_0;  1 drivers
v0000022033bbce50_0 .net "r_addr", 1 0, v0000022033b0c4d0_0;  1 drivers
v0000022033bbc950_0 .net "r_data", 7 0, L_0000022033aaf490;  alias, 1 drivers
v0000022033bbd350_0 .net "rd", 0 0, v0000022033bc0bf0_0;  alias, 1 drivers
v0000022033bbd3f0_0 .net "rst_n", 0 0, v0000022033bc1870_0;  alias, 1 drivers
v0000022033bbcb30_0 .net "w_addr", 1 0, L_0000022033aaf5e0;  1 drivers
v0000022033bbcbd0_0 .net "w_data", 7 0, v0000022033bc0290_0;  alias, 1 drivers
v0000022033bbd490_0 .net "wr", 0 0, v0000022033bc0330_0;  alias, 1 drivers
v0000022033bbddf0_0 .net "wr_en", 0 0, L_0000022033aaeee0;  1 drivers
L_0000022033c1a680 .reduce/nor v0000022033b0d0b0_0;
S_0000022033a5f160 .scope module, "ctl_unit" "FIFO_control" 6 21, 7 1 0, S_0000022033a5efd0;
 .timescale -9 -12;
    .port_info 0 /INPUT 1 "clk";
    .port_info 1 /INPUT 1 "rst_n";
    .port_info 2 /INPUT 1 "rd";
    .port_info 3 /INPUT 1 "wr";
    .port_info 4 /OUTPUT 1 "empty";
    .port_info 5 /OUTPUT 1 "full";
    .port_info 6 /OUTPUT 2 "w_addr";
    .port_info 7 /OUTPUT 2 "r_addr";
P_0000022033abe0a0 .param/l "ADDR_WIDTH" 0 7 2, +C4<00000000000000000000000000000010>;
L_0000022033aaf5e0 .functor BUFZ 2, v0000022033bbd710_0, C4<00>, C4<00>, C4<00>;
v0000022033b0d8d0_0 .net "clk", 0 0, v0000022033bc1410_0;  alias, 1 drivers
v0000022033b0c1b0_0 .net "empty", 0 0, v0000022033b0d970_0;  alias, 1 drivers
v0000022033b0d970_0 .var "empty_logic", 0 0;
v0000022033b0c2f0_0 .var "empty_next", 0 0;
v0000022033b0c390_0 .net "full", 0 0, v0000022033b0d0b0_0;  alias, 1 drivers
v0000022033b0d0b0_0 .var "full_logic", 0 0;
v0000022033b0d1f0_0 .var "full_next", 0 0;
v0000022033b0dab0_0 .net "r_addr", 1 0, v0000022033b0c4d0_0;  alias, 1 drivers
v0000022033b0c4d0_0 .var "r_ptr_logic", 1 0;
v0000022033b0c610_0 .var "r_ptr_next", 1 0;
v0000022033b0c6b0_0 .var "r_ptr_succ", 1 0;
v0000022033bbcef0_0 .net "rd", 0 0, v0000022033bc0bf0_0;  alias, 1 drivers
v0000022033bbc270_0 .net "rst_n", 0 0, v0000022033bc1870_0;  alias, 1 drivers
v0000022033bbca90_0 .net "w_addr", 1 0, L_0000022033aaf5e0;  alias, 1 drivers
v0000022033bbd710_0 .var "w_ptr_logic", 1 0;
v0000022033bbc1d0_0 .var "w_ptr_next", 1 0;
v0000022033bbcd10_0 .var "w_ptr_succ", 1 0;
v0000022033bbdc10_0 .net "wr", 0 0, v0000022033bc0330_0;  alias, 1 drivers
E_0000022033abf720/0 .event anyedge, v0000022033bbd710_0, v0000022033b0c4d0_0, v0000022033b0d0b0_0, v0000022033b0d970_0;
E_0000022033abf720/1 .event anyedge, v0000022033bbdc10_0, v0000022033bbcef0_0;
E_0000022033abf720 .event/or E_0000022033abf720/0, E_0000022033abf720/1;
S_0000022033a88c40 .scope module, "fifo_unit" "reg_file" 6 23, 8 1 0, S_0000022033a5efd0;
 .timescale -9 -12;
    .port_info 0 /INPUT 1 "clk";
    .port_info 1 /INPUT 1 "wr_en";
    .port_info 2 /INPUT 2 "w_addr";
    .port_info 3 /INPUT 2 "r_addr";
    .port_info 4 /INPUT 8 "w_data";
    .port_info 5 /OUTPUT 8 "r_data";
P_0000022033a955e0 .param/l "ADDR_WIDTH" 0 8 3, +C4<00000000000000000000000000000010>;
P_0000022033a95618 .param/l "DATA_WIDTH" 0 8 2, +C4<00000000000000000000000000001000>;
L_0000022033aaf490 .functor BUFZ 8, L_0000022033c1a2c0, C4<00000000>, C4<00000000>, C4<00000000>;
v0000022033bbd170_0 .net *"_ivl_0", 7 0, L_0000022033c1a2c0;  1 drivers
v0000022033bbc8b0_0 .net *"_ivl_2", 3 0, L_0000022033c1b260;  1 drivers
L_0000022033bc2280 .functor BUFT 1, C4<00>, C4<0>, C4<0>, C4<0>;
v0000022033bbd0d0_0 .net *"_ivl_5", 1 0, L_0000022033bc2280;  1 drivers
v0000022033bbcf90 .array "array_reg", 3 0, 7 0;
v0000022033bbcdb0_0 .net "clk", 0 0, v0000022033bc1410_0;  alias, 1 drivers
v0000022033bbd210_0 .net "r_addr", 1 0, v0000022033b0c4d0_0;  alias, 1 drivers
v0000022033bbcc70_0 .net "r_data", 7 0, L_0000022033aaf490;  alias, 1 drivers
v0000022033bbc6d0_0 .net "w_addr", 1 0, L_0000022033aaf5e0;  alias, 1 drivers
v0000022033bbc310_0 .net "w_data", 7 0, v0000022033bc0290_0;  alias, 1 drivers
v0000022033bbd8f0_0 .net "wr_en", 0 0, L_0000022033aaeee0;  alias, 1 drivers
L_0000022033c1a2c0 .array/port v0000022033bbcf90, L_0000022033c1b260;
L_0000022033c1b260 .concat [ 2 2 0 0], v0000022033b0c4d0_0, L_0000022033bc2280;
S_0000022033a88dd0 .scope module, "uart_rx_unit" "receiver" 4 25, 9 1 0, S_0000022033a776e0;
 .timescale -9 -12;
    .port_info 0 /INPUT 1 "clk";
    .port_info 1 /INPUT 1 "rst_n";
    .port_info 2 /INPUT 1 "rx";
    .port_info 3 /INPUT 1 "s_tick";
    .port_info 4 /OUTPUT 1 "rx_done_tick";
    .port_info 5 /OUTPUT 8 "dout";
P_0000022033a95660 .param/l "DBIT" 0 9 2, +C4<00000000000000000000000000001000>;
P_0000022033a95698 .param/l "SB_TICK" 0 9 3, +C4<00000000000000000000000000010000>;
enum0000022033a96ec0 .enum2/s (32)
   "idle" 0,
   "start" 1,
   "data" 2,
   "stop" 3
 ;
L_0000022033aaef50 .functor BUFZ 8, v0000022033bbd5d0_0, C4<00000000>, C4<00000000>, C4<00000000>;
v0000022033bbc3b0_0 .net "clk", 0 0, v0000022033bc1410_0;  alias, 1 drivers
v0000022033bbd530_0 .var "d_next", 7 0;
v0000022033bbd5d0_0 .var "d_reg", 7 0;
v0000022033bbd670_0 .net "dout", 7 0, L_0000022033aaef50;  alias, 1 drivers
v0000022033bbd7b0_0 .var "n_next", 2 0;
v0000022033bbc450_0 .var "n_reg", 2 0;
v0000022033bbde90_0 .net "rst_n", 0 0, v0000022033bc1870_0;  alias, 1 drivers
v0000022033bbd850_0 .net "rx", 0 0, L_0000022033aaf650;  alias, 1 drivers
v0000022033bbda30_0 .var "rx_done_tick", 0 0;
v0000022033bbdf30_0 .var "s_next", 3 0;
v0000022033bbd990_0 .var "s_reg", 3 0;
v0000022033bbdad0_0 .net "s_tick", 0 0, L_0000022033c1c020;  alias, 1 drivers
v0000022033bbdb70_0 .var/2s "state_next", 31 0;
v0000022033bbdd50_0 .var/2s "state_reg", 31 0;
E_0000022033abf2e0/0 .event anyedge, v0000022033bbdd50_0, v0000022033bbd990_0, v0000022033bbc450_0, v0000022033bbd5d0_0;
E_0000022033abf2e0/1 .event anyedge, v0000022033bbd850_0, v0000022033ab6f20_0, v0000022033bbd5d0_0;
E_0000022033abf2e0 .event/or E_0000022033abf2e0/0, E_0000022033abf2e0/1;
S_0000022033a85c10 .scope module, "uart_tx_unit" "transmitter" 4 27, 10 1 0, S_0000022033a776e0;
 .timescale -9 -12;
    .port_info 0 /INPUT 1 "clk";
    .port_info 1 /INPUT 1 "rst_n";
    .port_info 2 /INPUT 1 "tx_start";
    .port_info 3 /INPUT 1 "s_tick";
    .port_info 4 /INPUT 8 "d_in";
    .port_info 5 /OUTPUT 1 "tx_done_tick";
    .port_info 6 /OUTPUT 1 "tx";
P_0000022033a959e0 .param/l "DBIT" 0 10 2, +C4<00000000000000000000000000001000>;
P_0000022033a95a18 .param/l "SB_TICK" 0 10 3, +C4<00000000000000000000000000010000>;
enum0000022033b993b0 .enum2/s (32)
   "idle" 0,
   "start" 1,
   "data" 2,
   "stop" 3
 ;
v0000022033bbdfd0_0 .net "clk", 0 0, v0000022033bc1410_0;  alias, 1 drivers
v0000022033bbc4f0_0 .net "d_in", 7 0, L_0000022033aaf490;  alias, 1 drivers
v0000022033bbc590_0 .var "d_next", 7 0;
v0000022033bbc630_0 .var "d_reg", 7 0;
v0000022033bbc770_0 .var "n_next", 2 0;
v0000022033bbc810_0 .var "n_reg", 2 0;
v0000022033bc1eb0_0 .net "rst_n", 0 0, v0000022033bc1870_0;  alias, 1 drivers
v0000022033bc10f0_0 .var "s_next", 3 0;
v0000022033bc1050_0 .var "s_reg", 3 0;
v0000022033bc0e70_0 .net "s_tick", 0 0, L_0000022033c1c020;  alias, 1 drivers
v0000022033bc15f0_0 .var/2s "state_next", 31 0;
v0000022033bc0f10_0 .var/2s "state_reg", 31 0;
v0000022033bc0d30_0 .net "tx", 0 0, v0000022033bc0b50_0;  alias, 1 drivers
v0000022033bc0bf0_0 .var "tx_done_tick", 0 0;
v0000022033bc06f0_0 .var "tx_next", 0 0;
v0000022033bc0b50_0 .var "tx_reg", 0 0;
v0000022033bc1550_0 .net "tx_start", 0 0, L_0000022033c1b3a0;  alias, 1 drivers
E_0000022033abf420/0 .event anyedge, v0000022033bc0f10_0, v0000022033bc1050_0, v0000022033bbc810_0, v0000022033bbc630_0;
E_0000022033abf420/1 .event anyedge, v0000022033bc0b50_0, v0000022033bc1550_0, v0000022033bbcc70_0, v0000022033ab6f20_0;
E_0000022033abf420/2 .event anyedge, v0000022033bbc630_0;
E_0000022033abf420 .event/or E_0000022033abf420/0, E_0000022033abf420/1, E_0000022033abf420/2;
S_0000022033a85da0 .scope autotask, "uart_read_byte" "uart_read_byte" 3 61, 3 61 0, S_0000022033a77550;
 .timescale -9 -12;
v0000022033bc0150_0 .var "data", 7 0;
TD_tb_UART.uart_read_byte ;
T_0.0 ;
    %load/vec4 v0000022033bc0470_0;
    %flag_set/vec4 8;
    %jmp/0xz T_0.1, 8;
    %wait E_0000022033abe160;
    %jmp T_0.0;
T_0.1 ;
    %load/vec4 v0000022033bc1f50_0;
    %store/vec4 v0000022033bc0150_0, 0, 8;
    %pushi/vec4 1, 0, 1;
    %assign/vec4 v0000022033bc14b0_0, 0;
    %wait E_0000022033abe160;
    %pushi/vec4 0, 0, 1;
    %assign/vec4 v0000022033bc14b0_0, 0;
    %end;
S_0000022033b0ebe0 .scope autotask, "uart_write_byte" "uart_write_byte" 3 51, 3 51 0, S_0000022033a77550;
 .timescale -9 -12;
v0000022033bc12d0_0 .var "data", 7 0;
TD_tb_UART.uart_write_byte ;
T_1.2 ;
    %load/vec4 v0000022033bc1ff0_0;
    %flag_set/vec4 8;
    %jmp/0xz T_1.3, 8;
    %wait E_0000022033abe160;
    %jmp T_1.2;
T_1.3 ;
    %load/vec4 v0000022033bc12d0_0;
    %assign/vec4 v0000022033bc0290_0, 0;
    %pushi/vec4 1, 0, 1;
    %assign/vec4 v0000022033bc0330_0, 0;
    %wait E_0000022033abe160;
    %pushi/vec4 0, 0, 1;
    %assign/vec4 v0000022033bc0330_0, 0;
    %end;
    .scope S_0000022033a929b0;
T_2 ;
    %wait E_0000022033abdfa0;
    %load/vec4 v0000022033ab6e80_0;
    %nor/r;
    %flag_set/vec4 8;
    %jmp/0xz  T_2.0, 8;
    %pushi/vec4 0, 0, 11;
    %assign/vec4 v0000022033ab6ca0_0, 0;
    %jmp T_2.1;
T_2.0 ;
    %load/vec4 v0000022033ab76a0_0;
    %assign/vec4 v0000022033ab6ca0_0, 0;
T_2.1 ;
    %jmp T_2;
    .thread T_2;
    .scope S_0000022033a88dd0;
T_3 ;
    %wait E_0000022033abdfa0;
    %load/vec4 v0000022033bbde90_0;
    %nor/r;
    %flag_set/vec4 8;
    %jmp/0xz  T_3.0, 8;
    %pushi/vec4 0, 0, 32;
    %assign/vec4 v0000022033bbdd50_0, 0;
    %pushi/vec4 0, 0, 4;
    %assign/vec4 v0000022033bbd990_0, 0;
    %pushi/vec4 0, 0, 3;
    %assign/vec4 v0000022033bbc450_0, 0;
    %pushi/vec4 0, 0, 8;
    %assign/vec4 v0000022033bbd5d0_0, 0;
    %jmp T_3.1;
T_3.0 ;
    %load/vec4 v0000022033bbdb70_0;
    %assign/vec4 v0000022033bbdd50_0, 0;
    %load/vec4 v0000022033bbdf30_0;
    %assign/vec4 v0000022033bbd990_0, 0;
    %load/vec4 v0000022033bbd7b0_0;
    %assign/vec4 v0000022033bbc450_0, 0;
    %load/vec4 v0000022033bbd530_0;
    %assign/vec4 v0000022033bbd5d0_0, 0;
T_3.1 ;
    %jmp T_3;
    .thread T_3;
    .scope S_0000022033a88dd0;
T_4 ;
Ewait_0 .event/or E_0000022033abf2e0, E_0x0;
    %wait Ewait_0;
    %load/vec4 v0000022033bbdd50_0;
    %store/vec4 v0000022033bbdb70_0, 0, 32;
    %pushi/vec4 0, 0, 1;
    %store/vec4 v0000022033bbda30_0, 0, 1;
    %load/vec4 v0000022033bbd990_0;
    %store/vec4 v0000022033bbdf30_0, 0, 4;
    %load/vec4 v0000022033bbc450_0;
    %store/vec4 v0000022033bbd7b0_0, 0, 3;
    %load/vec4 v0000022033bbd5d0_0;
    %store/vec4 v0000022033bbd530_0, 0, 8;
    %load/vec4 v0000022033bbdd50_0;
    %dup/vec4;
    %pushi/vec4 0, 0, 32;
    %cmp/u;
    %jmp/1 T_4.0, 6;
    %dup/vec4;
    %pushi/vec4 1, 0, 32;
    %cmp/u;
    %jmp/1 T_4.1, 6;
    %dup/vec4;
    %pushi/vec4 2, 0, 32;
    %cmp/u;
    %jmp/1 T_4.2, 6;
    %dup/vec4;
    %pushi/vec4 3, 0, 32;
    %cmp/u;
    %jmp/1 T_4.3, 6;
    %pushi/vec4 0, 0, 32;
    %store/vec4 v0000022033bbdb70_0, 0, 32;
    %jmp T_4.5;
T_4.0 ;
    %load/vec4 v0000022033bbd850_0;
    %nor/r;
    %flag_set/vec4 8;
    %jmp/0xz  T_4.6, 8;
    %pushi/vec4 1, 0, 32;
    %store/vec4 v0000022033bbdb70_0, 0, 32;
    %pushi/vec4 0, 0, 4;
    %store/vec4 v0000022033bbdf30_0, 0, 4;
T_4.6 ;
    %jmp T_4.5;
T_4.1 ;
    %load/vec4 v0000022033bbdad0_0;
    %flag_set/vec4 8;
    %jmp/0xz  T_4.8, 8;
    %load/vec4 v0000022033bbd990_0;
    %pad/u 32;
    %cmpi/e 7, 0, 32;
    %jmp/0xz  T_4.10, 4;
    %pushi/vec4 2, 0, 32;
    %store/vec4 v0000022033bbdb70_0, 0, 32;
    %pushi/vec4 0, 0, 4;
    %store/vec4 v0000022033bbdf30_0, 0, 4;
    %pushi/vec4 0, 0, 3;
    %store/vec4 v0000022033bbd7b0_0, 0, 3;
    %jmp T_4.11;
T_4.10 ;
    %load/vec4 v0000022033bbd990_0;
    %addi 1, 0, 4;
    %store/vec4 v0000022033bbdf30_0, 0, 4;
T_4.11 ;
T_4.8 ;
    %jmp T_4.5;
T_4.2 ;
    %load/vec4 v0000022033bbdad0_0;
    %flag_set/vec4 8;
    %jmp/0xz  T_4.12, 8;
    %load/vec4 v0000022033bbd990_0;
    %pad/u 32;
    %cmpi/e 15, 0, 32;
    %jmp/0xz  T_4.14, 4;
    %pushi/vec4 0, 0, 4;
    %store/vec4 v0000022033bbdf30_0, 0, 4;
    %load/vec4 v0000022033bbd850_0;
    %load/vec4 v0000022033bbd5d0_0;
    %parti/s 7, 1, 2;
    %concat/vec4; draw_concat_vec4
    %store/vec4 v0000022033bbd530_0, 0, 8;
    %load/vec4 v0000022033bbc450_0;
    %pad/u 32;
    %cmpi/e 7, 0, 32;
    %jmp/0xz  T_4.16, 4;
    %pushi/vec4 3, 0, 32;
    %store/vec4 v0000022033bbdb70_0, 0, 32;
    %jmp T_4.17;
T_4.16 ;
    %load/vec4 v0000022033bbc450_0;
    %addi 1, 0, 3;
    %store/vec4 v0000022033bbd7b0_0, 0, 3;
T_4.17 ;
    %jmp T_4.15;
T_4.14 ;
    %load/vec4 v0000022033bbd990_0;
    %addi 1, 0, 4;
    %store/vec4 v0000022033bbdf30_0, 0, 4;
T_4.15 ;
T_4.12 ;
    %jmp T_4.5;
T_4.3 ;
    %load/vec4 v0000022033bbdad0_0;
    %flag_set/vec4 8;
    %jmp/0xz  T_4.18, 8;
    %load/vec4 v0000022033bbd990_0;
    %pad/u 32;
    %cmpi/e 15, 0, 32;
    %jmp/0xz  T_4.20, 4;
    %pushi/vec4 0, 0, 32;
    %store/vec4 v0000022033bbdb70_0, 0, 32;
    %pushi/vec4 1, 0, 1;
    %store/vec4 v0000022033bbda30_0, 0, 1;
    %jmp T_4.21;
T_4.20 ;
    %load/vec4 v0000022033bbd990_0;
    %addi 1, 0, 4;
    %store/vec4 v0000022033bbdf30_0, 0, 4;
T_4.21 ;
T_4.18 ;
    %jmp T_4.5;
T_4.5 ;
    %pop/vec4 1;
    %jmp T_4;
    .thread T_4, $push;
    .scope S_0000022033a85c10;
T_5 ;
    %wait E_0000022033abdfa0;
    %load/vec4 v0000022033bc1eb0_0;
    %nor/r;
    %flag_set/vec4 8;
    %jmp/0xz  T_5.0, 8;
    %pushi/vec4 0, 0, 32;
    %assign/vec4 v0000022033bc0f10_0, 0;
    %pushi/vec4 0, 0, 4;
    %assign/vec4 v0000022033bc1050_0, 0;
    %pushi/vec4 0, 0, 3;
    %assign/vec4 v0000022033bbc810_0, 0;
    %pushi/vec4 0, 0, 8;
    %assign/vec4 v0000022033bbc630_0, 0;
    %pushi/vec4 1, 0, 1;
    %assign/vec4 v0000022033bc0b50_0, 0;
    %jmp T_5.1;
T_5.0 ;
    %load/vec4 v0000022033bc15f0_0;
    %assign/vec4 v0000022033bc0f10_0, 0;
    %load/vec4 v0000022033bc10f0_0;
    %assign/vec4 v0000022033bc1050_0, 0;
    %load/vec4 v0000022033bbc770_0;
    %assign/vec4 v0000022033bbc810_0, 0;
    %load/vec4 v0000022033bbc590_0;
    %assign/vec4 v0000022033bbc630_0, 0;
    %load/vec4 v0000022033bc06f0_0;
    %assign/vec4 v0000022033bc0b50_0, 0;
T_5.1 ;
    %jmp T_5;
    .thread T_5;
    .scope S_0000022033a85c10;
T_6 ;
Ewait_1 .event/or E_0000022033abf420, E_0x0;
    %wait Ewait_1;
    %load/vec4 v0000022033bc0f10_0;
    %store/vec4 v0000022033bc15f0_0, 0, 32;
    %pushi/vec4 0, 0, 1;
    %store/vec4 v0000022033bc0bf0_0, 0, 1;
    %load/vec4 v0000022033bc1050_0;
    %store/vec4 v0000022033bc10f0_0, 0, 4;
    %load/vec4 v0000022033bbc810_0;
    %store/vec4 v0000022033bbc770_0, 0, 3;
    %load/vec4 v0000022033bbc630_0;
    %store/vec4 v0000022033bbc590_0, 0, 8;
    %load/vec4 v0000022033bc0b50_0;
    %store/vec4 v0000022033bc06f0_0, 0, 1;
    %load/vec4 v0000022033bc0f10_0;
    %dup/vec4;
    %pushi/vec4 0, 0, 32;
    %cmp/u;
    %jmp/1 T_6.0, 6;
    %dup/vec4;
    %pushi/vec4 1, 0, 32;
    %cmp/u;
    %jmp/1 T_6.1, 6;
    %dup/vec4;
    %pushi/vec4 2, 0, 32;
    %cmp/u;
    %jmp/1 T_6.2, 6;
    %dup/vec4;
    %pushi/vec4 3, 0, 32;
    %cmp/u;
    %jmp/1 T_6.3, 6;
    %pushi/vec4 0, 0, 32;
    %store/vec4 v0000022033bc15f0_0, 0, 32;
    %jmp T_6.5;
T_6.0 ;
    %pushi/vec4 1, 0, 1;
    %store/vec4 v0000022033bc06f0_0, 0, 1;
    %load/vec4 v0000022033bc1550_0;
    %flag_set/vec4 8;
    %jmp/0xz  T_6.6, 8;
    %pushi/vec4 1, 0, 32;
    %store/vec4 v0000022033bc15f0_0, 0, 32;
    %pushi/vec4 0, 0, 4;
    %store/vec4 v0000022033bc10f0_0, 0, 4;
    %load/vec4 v0000022033bbc4f0_0;
    %store/vec4 v0000022033bbc590_0, 0, 8;
T_6.6 ;
    %jmp T_6.5;
T_6.1 ;
    %pushi/vec4 0, 0, 1;
    %store/vec4 v0000022033bc06f0_0, 0, 1;
    %load/vec4 v0000022033bc0e70_0;
    %flag_set/vec4 8;
    %jmp/0xz  T_6.8, 8;
    %load/vec4 v0000022033bc1050_0;
    %pad/u 32;
    %cmpi/e 15, 0, 32;
    %jmp/0xz  T_6.10, 4;
    %pushi/vec4 2, 0, 32;
    %store/vec4 v0000022033bc15f0_0, 0, 32;
    %pushi/vec4 0, 0, 4;
    %store/vec4 v0000022033bc10f0_0, 0, 4;
    %pushi/vec4 0, 0, 3;
    %store/vec4 v0000022033bbc770_0, 0, 3;
    %jmp T_6.11;
T_6.10 ;
    %load/vec4 v0000022033bc1050_0;
    %addi 1, 0, 4;
    %store/vec4 v0000022033bc10f0_0, 0, 4;
T_6.11 ;
T_6.8 ;
    %jmp T_6.5;
T_6.2 ;
    %load/vec4 v0000022033bbc630_0;
    %parti/s 1, 0, 2;
    %store/vec4 v0000022033bc06f0_0, 0, 1;
    %load/vec4 v0000022033bc0e70_0;
    %flag_set/vec4 8;
    %jmp/0xz  T_6.12, 8;
    %load/vec4 v0000022033bc1050_0;
    %pad/u 32;
    %cmpi/e 15, 0, 32;
    %jmp/0xz  T_6.14, 4;
    %pushi/vec4 0, 0, 4;
    %store/vec4 v0000022033bc10f0_0, 0, 4;
    %load/vec4 v0000022033bbc630_0;
    %ix/load 4, 1, 0;
    %flag_set/imm 4, 0;
    %shiftr 4;
    %store/vec4 v0000022033bbc590_0, 0, 8;
    %load/vec4 v0000022033bbc810_0;
    %pad/u 32;
    %cmpi/e 7, 0, 32;
    %jmp/0xz  T_6.16, 4;
    %pushi/vec4 3, 0, 32;
    %store/vec4 v0000022033bc15f0_0, 0, 32;
    %jmp T_6.17;
T_6.16 ;
    %load/vec4 v0000022033bbc810_0;
    %addi 1, 0, 3;
    %store/vec4 v0000022033bbc770_0, 0, 3;
T_6.17 ;
    %jmp T_6.15;
T_6.14 ;
    %load/vec4 v0000022033bc1050_0;
    %addi 1, 0, 4;
    %store/vec4 v0000022033bc10f0_0, 0, 4;
T_6.15 ;
T_6.12 ;
    %jmp T_6.5;
T_6.3 ;
    %pushi/vec4 1, 0, 1;
    %store/vec4 v0000022033bc06f0_0, 0, 1;
    %load/vec4 v0000022033bc0e70_0;
    %flag_set/vec4 8;
    %jmp/0xz  T_6.18, 8;
    %load/vec4 v0000022033bc1050_0;
    %pad/u 32;
    %cmpi/e 15, 0, 32;
    %jmp/0xz  T_6.20, 4;
    %pushi/vec4 0, 0, 32;
    %store/vec4 v0000022033bc15f0_0, 0, 32;
    %pushi/vec4 1, 0, 1;
    %store/vec4 v0000022033bc0bf0_0, 0, 1;
    %jmp T_6.21;
T_6.20 ;
    %load/vec4 v0000022033bc1050_0;
    %addi 1, 0, 4;
    %store/vec4 v0000022033bc10f0_0, 0, 4;
T_6.21 ;
T_6.18 ;
    %jmp T_6.5;
T_6.5 ;
    %pop/vec4 1;
    %jmp T_6;
    .thread T_6, $push;
    .scope S_0000022033a67bd0;
T_7 ;
    %wait E_0000022033abdfa0;
    %load/vec4 v0000022033b0d150_0;
    %nor/r;
    %flag_set/vec4 8;
    %jmp/0xz  T_7.0, 8;
    %pushi/vec4 0, 0, 2;
    %assign/vec4 v0000022033b0d6f0_0, 0;
    %pushi/vec4 0, 0, 2;
    %assign/vec4 v0000022033b0c570_0, 0;
    %pushi/vec4 0, 0, 1;
    %assign/vec4 v0000022033b0d330_0, 0;
    %pushi/vec4 1, 0, 1;
    %assign/vec4 v0000022033b0c070_0, 0;
    %jmp T_7.1;
T_7.0 ;
    %load/vec4 v0000022033b0bcb0_0;
    %assign/vec4 v0000022033b0d6f0_0, 0;
    %load/vec4 v0000022033b0c750_0;
    %assign/vec4 v0000022033b0c570_0, 0;
    %load/vec4 v0000022033b0ca70_0;
    %assign/vec4 v0000022033b0d330_0, 0;
    %load/vec4 v0000022033b0c9d0_0;
    %assign/vec4 v0000022033b0c070_0, 0;
T_7.1 ;
    %jmp T_7;
    .thread T_7;
    .scope S_0000022033a67bd0;
T_8 ;
Ewait_2 .event/or E_0000022033abea60, E_0x0;
    %wait Ewait_2;
    %load/vec4 v0000022033b0d6f0_0;
    %addi 1, 0, 2;
    %store/vec4 v0000022033b0cbb0_0, 0, 2;
    %load/vec4 v0000022033b0c570_0;
    %addi 1, 0, 2;
    %store/vec4 v0000022033b0bf30_0, 0, 2;
    %load/vec4 v0000022033b0d6f0_0;
    %store/vec4 v0000022033b0bcb0_0, 0, 2;
    %load/vec4 v0000022033b0c570_0;
    %store/vec4 v0000022033b0c750_0, 0, 2;
    %load/vec4 v0000022033b0d330_0;
    %store/vec4 v0000022033b0ca70_0, 0, 1;
    %load/vec4 v0000022033b0c070_0;
    %store/vec4 v0000022033b0c9d0_0, 0, 1;
    %load/vec4 v0000022033b0c930_0;
    %load/vec4 v0000022033b0c890_0;
    %concat/vec4; draw_concat_vec4
    %dup/vec4;
    %pushi/vec4 1, 0, 2;
    %cmp/u;
    %jmp/1 T_8.0, 6;
    %dup/vec4;
    %pushi/vec4 2, 0, 2;
    %cmp/u;
    %jmp/1 T_8.1, 6;
    %dup/vec4;
    %pushi/vec4 3, 0, 2;
    %cmp/u;
    %jmp/1 T_8.2, 6;
    %jmp T_8.4;
T_8.0 ;
    %load/vec4 v0000022033b0c070_0;
    %nor/r;
    %flag_set/vec4 8;
    %jmp/0xz  T_8.5, 8;
    %load/vec4 v0000022033b0bf30_0;
    %store/vec4 v0000022033b0c750_0, 0, 2;
    %pushi/vec4 0, 0, 1;
    %store/vec4 v0000022033b0ca70_0, 0, 1;
    %load/vec4 v0000022033b0bf30_0;
    %load/vec4 v0000022033b0d6f0_0;
    %cmp/e;
    %jmp/0xz  T_8.7, 4;
    %pushi/vec4 1, 0, 1;
    %store/vec4 v0000022033b0c9d0_0, 0, 1;
T_8.7 ;
T_8.5 ;
    %jmp T_8.4;
T_8.1 ;
    %load/vec4 v0000022033b0d330_0;
    %nor/r;
    %flag_set/vec4 8;
    %jmp/0xz  T_8.9, 8;
    %load/vec4 v0000022033b0cbb0_0;
    %store/vec4 v0000022033b0bcb0_0, 0, 2;
    %pushi/vec4 0, 0, 1;
    %store/vec4 v0000022033b0c9d0_0, 0, 1;
    %load/vec4 v0000022033b0cbb0_0;
    %load/vec4 v0000022033b0c570_0;
    %cmp/e;
    %jmp/0xz  T_8.11, 4;
    %pushi/vec4 1, 0, 1;
    %store/vec4 v0000022033b0ca70_0, 0, 1;
T_8.11 ;
T_8.9 ;
    %jmp T_8.4;
T_8.2 ;
    %load/vec4 v0000022033b0cbb0_0;
    %store/vec4 v0000022033b0bcb0_0, 0, 2;
    %load/vec4 v0000022033b0bf30_0;
    %store/vec4 v0000022033b0c750_0, 0, 2;
    %jmp T_8.4;
T_8.4 ;
    %pop/vec4 1;
    %jmp T_8;
    .thread T_8, $push;
    .scope S_0000022033a67e70;
T_9 ;
    %wait E_0000022033abe160;
    %load/vec4 v0000022033b0da10_0;
    %flag_set/vec4 8;
    %jmp/0xz  T_9.0, 8;
    %load/vec4 v0000022033b0d3d0_0;
    %load/vec4 v0000022033b0d290_0;
    %pad/u 4;
    %ix/vec4 3;
    %ix/load 4, 0, 0; Constant delay
    %assign/vec4/a/d v0000022033b0d650, 0, 4;
T_9.0 ;
    %jmp T_9;
    .thread T_9;
    .scope S_0000022033a5f160;
T_10 ;
    %wait E_0000022033abdfa0;
    %load/vec4 v0000022033bbc270_0;
    %nor/r;
    %flag_set/vec4 8;
    %jmp/0xz  T_10.0, 8;
    %pushi/vec4 0, 0, 2;
    %assign/vec4 v0000022033bbd710_0, 0;
    %pushi/vec4 0, 0, 2;
    %assign/vec4 v0000022033b0c4d0_0, 0;
    %pushi/vec4 0, 0, 1;
    %assign/vec4 v0000022033b0d0b0_0, 0;
    %pushi/vec4 1, 0, 1;
    %assign/vec4 v0000022033b0d970_0, 0;
    %jmp T_10.1;
T_10.0 ;
    %load/vec4 v0000022033bbc1d0_0;
    %assign/vec4 v0000022033bbd710_0, 0;
    %load/vec4 v0000022033b0c610_0;
    %assign/vec4 v0000022033b0c4d0_0, 0;
    %load/vec4 v0000022033b0d1f0_0;
    %assign/vec4 v0000022033b0d0b0_0, 0;
    %load/vec4 v0000022033b0c2f0_0;
    %assign/vec4 v0000022033b0d970_0, 0;
T_10.1 ;
    %jmp T_10;
    .thread T_10;
    .scope S_0000022033a5f160;
T_11 ;
Ewait_3 .event/or E_0000022033abf720, E_0x0;
    %wait Ewait_3;
    %load/vec4 v0000022033bbd710_0;
    %addi 1, 0, 2;
    %store/vec4 v0000022033bbcd10_0, 0, 2;
    %load/vec4 v0000022033b0c4d0_0;
    %addi 1, 0, 2;
    %store/vec4 v0000022033b0c6b0_0, 0, 2;
    %load/vec4 v0000022033bbd710_0;
    %store/vec4 v0000022033bbc1d0_0, 0, 2;
    %load/vec4 v0000022033b0c4d0_0;
    %store/vec4 v0000022033b0c610_0, 0, 2;
    %load/vec4 v0000022033b0d0b0_0;
    %store/vec4 v0000022033b0d1f0_0, 0, 1;
    %load/vec4 v0000022033b0d970_0;
    %store/vec4 v0000022033b0c2f0_0, 0, 1;
    %load/vec4 v0000022033bbdc10_0;
    %load/vec4 v0000022033bbcef0_0;
    %concat/vec4; draw_concat_vec4
    %dup/vec4;
    %pushi/vec4 1, 0, 2;
    %cmp/u;
    %jmp/1 T_11.0, 6;
    %dup/vec4;
    %pushi/vec4 2, 0, 2;
    %cmp/u;
    %jmp/1 T_11.1, 6;
    %dup/vec4;
    %pushi/vec4 3, 0, 2;
    %cmp/u;
    %jmp/1 T_11.2, 6;
    %jmp T_11.4;
T_11.0 ;
    %load/vec4 v0000022033b0d970_0;
    %nor/r;
    %flag_set/vec4 8;
    %jmp/0xz  T_11.5, 8;
    %load/vec4 v0000022033b0c6b0_0;
    %store/vec4 v0000022033b0c610_0, 0, 2;
    %pushi/vec4 0, 0, 1;
    %store/vec4 v0000022033b0d1f0_0, 0, 1;
    %load/vec4 v0000022033b0c6b0_0;
    %load/vec4 v0000022033bbd710_0;
    %cmp/e;
    %jmp/0xz  T_11.7, 4;
    %pushi/vec4 1, 0, 1;
    %store/vec4 v0000022033b0c2f0_0, 0, 1;
T_11.7 ;
T_11.5 ;
    %jmp T_11.4;
T_11.1 ;
    %load/vec4 v0000022033b0d0b0_0;
    %nor/r;
    %flag_set/vec4 8;
    %jmp/0xz  T_11.9, 8;
    %load/vec4 v0000022033bbcd10_0;
    %store/vec4 v0000022033bbc1d0_0, 0, 2;
    %pushi/vec4 0, 0, 1;
    %store/vec4 v0000022033b0c2f0_0, 0, 1;
    %load/vec4 v0000022033bbcd10_0;
    %load/vec4 v0000022033b0c4d0_0;
    %cmp/e;
    %jmp/0xz  T_11.11, 4;
    %pushi/vec4 1, 0, 1;
    %store/vec4 v0000022033b0d1f0_0, 0, 1;
T_11.11 ;
T_11.9 ;
    %jmp T_11.4;
T_11.2 ;
    %load/vec4 v0000022033bbcd10_0;
    %store/vec4 v0000022033bbc1d0_0, 0, 2;
    %load/vec4 v0000022033b0c6b0_0;
    %store/vec4 v0000022033b0c610_0, 0, 2;
    %jmp T_11.4;
T_11.4 ;
    %pop/vec4 1;
    %jmp T_11;
    .thread T_11, $push;
    .scope S_0000022033a88c40;
T_12 ;
    %wait E_0000022033abe160;
    %load/vec4 v0000022033bbd8f0_0;
    %flag_set/vec4 8;
    %jmp/0xz  T_12.0, 8;
    %load/vec4 v0000022033bbc310_0;
    %load/vec4 v0000022033bbc6d0_0;
    %pad/u 4;
    %ix/vec4 3;
    %ix/load 4, 0, 0; Constant delay
    %assign/vec4/a/d v0000022033bbcf90, 0, 4;
T_12.0 ;
    %jmp T_12;
    .thread T_12;
    .scope S_0000022033a77550;
T_13 ;
    %delay 5000, 0;
    %load/vec4 v0000022033bc1410_0;
    %inv;
    %store/vec4 v0000022033bc1410_0, 0, 1;
    %jmp T_13;
    .thread T_13;
    .scope S_0000022033a77550;
T_14 ;
    %pushi/vec4 0, 0, 1;
    %store/vec4 v0000022033bc1410_0, 0, 1;
    %pushi/vec4 0, 0, 1;
    %store/vec4 v0000022033bc1870_0, 0, 1;
    %pushi/vec4 0, 0, 1;
    %store/vec4 v0000022033bc14b0_0, 0, 1;
    %pushi/vec4 0, 0, 1;
    %store/vec4 v0000022033bc0330_0, 0, 1;
    %pushi/vec4 0, 0, 8;
    %store/vec4 v0000022033bc0290_0, 0, 8;
    %pushi/vec4 3, 0, 11;
    %store/vec4 v0000022033bc0ab0_0, 0, 11;
    %pushi/vec4 85, 0, 8;
    %ix/load 4, 0, 0;
    %flag_set/imm 4, 0;
    %store/vec4a v0000022033bc19b0, 4, 0;
    %pushi/vec4 163, 0, 8;
    %ix/load 4, 1, 0;
    %flag_set/imm 4, 0;
    %store/vec4a v0000022033bc19b0, 4, 0;
    %pushi/vec4 0, 0, 8;
    %ix/load 4, 2, 0;
    %flag_set/imm 4, 0;
    %store/vec4a v0000022033bc19b0, 4, 0;
    %pushi/vec4 255, 0, 8;
    %ix/load 4, 3, 0;
    %flag_set/imm 4, 0;
    %store/vec4a v0000022033bc19b0, 4, 0;
    %pushi/vec4 5, 0, 32;
T_14.0 %dup/vec4;
    %pushi/vec4 0, 0, 32;
    %cmp/s;
    %jmp/1xz T_14.1, 5;
    %jmp/1 T_14.1, 4;
    %pushi/vec4 1, 0, 32;
    %sub;
    %wait E_0000022033abe160;
    %jmp T_14.0;
T_14.1 ;
    %pop/vec4 1;
    %pushi/vec4 1, 0, 1;
    %store/vec4 v0000022033bc1870_0, 0, 1;
    %wait E_0000022033abe160;
    %pushi/vec4 0, 0, 32;
    %store/vec4 v0000022033bc01f0_0, 0, 32;
T_14.2 ;
    %load/vec4 v0000022033bc01f0_0;
    %cmpi/s 4, 0, 32;
    %jmp/0xz T_14.3, 5;
    %alloc S_0000022033b0ebe0;
    %ix/getv/s 4, v0000022033bc01f0_0;
    %load/vec4a v0000022033bc19b0, 4;
    %store/vec4 v0000022033bc12d0_0, 0, 8;
    %fork TD_tb_UART.uart_write_byte, S_0000022033b0ebe0;
    %join;
    %free S_0000022033b0ebe0;
    %pushi/vec4 0, 0, 32;
    %store/vec4 v0000022033bc0970_0, 0, 32;
T_14.4 ;
    %load/vec4 v0000022033bc0470_0;
    %flag_set/vec4 8;
    %jmp/0xz T_14.5, 8;
    %wait E_0000022033abe160;
    ; show_stmt_assign_vector: Get l-value for compressed += operand
    %load/vec4 v0000022033bc0970_0;
    %pushi/vec4 1, 0, 32;
    %add;
    %cast2;
    %store/vec4 v0000022033bc0970_0, 0, 32;
    %load/vec4 v0000022033bc0970_0;
    %cmpi/s 20000, 0, 32;
    %flag_or 5, 4; GT is !LE
    %flag_inv 5;
    %jmp/0xz  T_14.6, 5;
    %vpi_call/w 3 98 "$error", "Timeout aguardando byte idx=%0d", v0000022033bc01f0_0 {0 0 0};
    %vpi_call/w 3 99 "$fatal", 32'sb00000000000000000000000000000001 {0 0 0};
T_14.6 ;
    %jmp T_14.4;
T_14.5 ;
    %alloc S_0000022033a85da0;
    %fork TD_tb_UART.uart_read_byte, S_0000022033a85da0;
    %join;
    %load/vec4 v0000022033bc0150_0;
    %store/vec4 v0000022033bc17d0_0, 0, 8;
    %free S_0000022033a85da0;
    %load/vec4 v0000022033bc17d0_0;
    %ix/getv/s 4, v0000022033bc01f0_0;
    %load/vec4a v0000022033bc19b0, 4;
    %cmp/ne;
    %jmp/0xz  T_14.8, 6;
    %vpi_call/w 3 105 "$error", "Mismatch em idx=%0d: esperado=0x%0h recebido=0x%0h", v0000022033bc01f0_0, &A<v0000022033bc19b0, v0000022033bc01f0_0 >, v0000022033bc17d0_0 {0 0 0};
    %vpi_call/w 3 106 "$fatal", 32'sb00000000000000000000000000000001 {0 0 0};
T_14.8 ;
    ; show_stmt_assign_vector: Get l-value for compressed += operand
    %load/vec4 v0000022033bc01f0_0;
    %pushi/vec4 1, 0, 32;
    %add;
    %cast2;
    %store/vec4 v0000022033bc01f0_0, 0, 32;
    %jmp T_14.2;
T_14.3 ;
    %vpi_call/w 3 110 "$display", "TESTE PASSOU: %0d bytes enviados e recebidos com sucesso.", P_0000022033ab3360 {0 0 0};
    %vpi_call/w 3 111 "$finish" {0 0 0};
    %end;
    .thread T_14;
# The file index is used to find the file name in the following table.
:file_names 11;
    "N/A";
    "<interactive>";
    "-";
    "tb_UART.sv";
    "UART.sv";
    "baud_gen.sv";
    "FIFO.sv";
    "FIFO_control.sv";
    "reg_file.sv";
    "receiver.sv";
    "transmitter.sv";
